log file
puzzle
Found duplicate: 256943
Found duplicate: 106186
Found duplicate: 465226
Found duplicate: 112763
Found duplicate: 406647
fannkuch
1234567891011
2134567891011
2314567891011
3214567891011
3124567891011
1324567891011
2341567891011
3241567891011
3421567891011
4321567891011
4231567891011
2431567891011
3412567891011
4312567891011
4132567891011
1432567891011
1342567891011
3142567891011
4123567891011
1423567891011
1243567891011
2143567891011
2413567891011
4213567891011
2345167891011
3245167891011
3425167891011
4325167891011
4235167891011
2435167891011
Pfannkuchen(11) = 51
partialsums
3.000000000	(2/3)^k
3160.817621887	k^-0.5
0.999999600	1/k(k+1)
30.314541510	Flint Hills
42.995233998	Cookson Hills
15.309017155	Harmonic
1.644933667	Riemann Zeta
0.693146981	Alternating Harmonic
0.785398063	Gregory
PR491
nsieve-bits
Primes up to 40960000  2488465
Primes up to 20480000  1299069
Primes up to 10240000   679461
spectral-norm
1.274224152
n-body
-0.169075164
-0.169083134
recursive
Ack(3,11): 16381
Fib(38.0): 63245986.0
Tak(30,20,10): 11
Fib(3): 3
Tak(3.0,2.0,1.0): 2.0
